<?xml version="1.0" encoding="UTF-8"?>
<!-- Generated by org.testng.reporters.JUnitReportReporter -->
<testsuite hostname="MacBook-Air.local" name="autoupdate.UpdateMonsterTampa" tests="1" failures="0" timestamp="20 Oct 2016 15:06:35 GMT" time="25.676" errors="0">
  <testcase name="log" time="25.676" classname="autoupdate.UpdateMonsterTampa"/>
</testsuite> <!-- autoupdate.UpdateMonsterTampa -->
