<?xml version="1.0" encoding="UTF-8"?>
<!-- Generated by org.testng.reporters.JUnitReportReporter -->
<testsuite hostname="MacBook-Air.local" name="autoupdate.UpdateIndeedTampa" tests="1" failures="0" timestamp="23 Oct 2016 19:24:07 GMT" time="18.301" errors="0">
  <testcase name="f" time="18.301" classname="autoupdate.UpdateIndeedTampa"/>
</testsuite> <!-- autoupdate.UpdateIndeedTampa -->
