<?xml version="1.0" encoding="UTF-8"?>
<!-- Generated by org.testng.reporters.JUnitReportReporter -->
<testsuite hostname="MacBook-Air.local" name="autoupdate.NewTest" tests="1" failures="0" timestamp="10 Oct 2016 02:44:36 GMT" time="21.617" errors="0">
  <testcase name="f" time="21.617" classname="autoupdate.NewTest"/>
</testsuite> <!-- autoupdate.NewTest -->
