<?xml version="1.0" encoding="UTF-8"?>
<!-- Generated by org.testng.reporters.JUnitReportReporter -->
<testsuite hostname="MacBook-Air.local" name="autoupdate.UpdateMonsterOrlando" tests="1" failures="0" timestamp="20 Oct 2016 15:06:50 GMT" time="27.611" errors="0">
  <testcase name="log" time="27.611" classname="autoupdate.UpdateMonsterOrlando"/>
</testsuite> <!-- autoupdate.UpdateMonsterOrlando -->
