<?xml version="1.0" encoding="UTF-8"?>
<!-- Generated by org.testng.reporters.JUnitReportReporter -->
<testsuite hostname="MacBook-Air.local" name="autoupdate.UpdateIndeedOrlando" tests="1" failures="0" timestamp="23 Oct 2016 19:24:02 GMT" time="24.825" errors="0">
  <testcase name="f" time="24.825" classname="autoupdate.UpdateIndeedOrlando"/>
</testsuite> <!-- autoupdate.UpdateIndeedOrlando -->
