<?xml version="1.0" encoding="UTF-8"?>
<!-- Generated by org.testng.reporters.JUnitReportReporter -->
<testsuite hostname="MacBook-Air.local" name="autoupdate.UpdateIndeedMiami" tests="1" failures="0" timestamp="20 Oct 2016 15:06:30 GMT" time="18.281" errors="0">
  <testcase name="f" time="18.281" classname="autoupdate.UpdateIndeedMiami"/>
</testsuite> <!-- autoupdate.UpdateIndeedMiami -->
