<?xml version="1.0" encoding="UTF-8"?>
<!-- Generated by org.testng.reporters.JUnitReportReporter -->
<testsuite hostname="MacBook-Air.local" name="autoupdate.UpdateDiceOrlando" tests="1" failures="0" timestamp="23 Oct 2016 19:24:13 GMT" time="21.868" errors="0">
  <testcase name="m" time="21.868" classname="autoupdate.UpdateDiceOrlando"/>
</testsuite> <!-- autoupdate.UpdateDiceOrlando -->
