<?xml version="1.0" encoding="UTF-8"?>
<!-- Generated by org.testng.reporters.JUnitReportReporter -->
<testsuite hostname="MacBook-Air.local" name="autoupdate.Test1" tests="1" failures="0" timestamp="10 Oct 2016 02:45:06 GMT" time="23.904" errors="0">
  <testcase name="m" time="23.904" classname="autoupdate.Test1"/>
</testsuite> <!-- autoupdate.Test1 -->
